DEBUG main sk.lieskove.jianghongtiao.multithreaddownloader.site.SitePatternDownloadManagerImpl - Run item with UUID: a9e4988c-242f-4bd5-945b-3e18a3c19de5 and URL: http://download.oracle.com/javase/1.5.0/docs/api/java/util/concurrent/locks/ReentrantLock.html
DEBUG main sk.lieskove.jianghongtiao.multithreaddownloader.site.SitePatternDownloadManagerImpl - Added item with UUID: d3ad9c93-5374-49f8-b81e-2b223c05d443 with URL: http://jeremymanson.blogspot.com/2007/08/atomicity-visibility-and-ordering.html
DEBUG main sk.lieskove.jianghongtiao.multithreaddownloader.site.SitePatternDownloadManagerImpl - Added item with UUID: 40231f68-65ae-49dc-98dd-dc13718ac3c5 with URL: http://www.fi.muni.cz/~popel/red/
DEBUG main sk.lieskove.jianghongtiao.multithreaddownloader.site.SitePatternDownloadManagerImpl - Added item with UUID: 7c485320-2eb1-480f-8ed5-006dfb30484d with URL: http://download.oracle.com/javase/6/docs/technotes/guides/net/proxies.html
DEBUG main sk.lieskove.jianghongtiao.multithreaddownloader.site.SitePatternDownloadManagerImpl - Added item with UUID: befd7535-25b3-489b-9dc3-7f22779a52f8 with URL: http://jena.sourceforge.net/DB/creating-db-models.html
DEBUG main sk.lieskove.jianghongtiao.multithreaddownloader.site.SitePatternDownloadManagerImpl - Added item with UUID: a530f7de-eda8-4df5-a095-5e9dd4b382a3 with URL: http://jena.sourceforge.net/DB/
DEBUG main sk.lieskove.jianghongtiao.multithreaddownloader.site.SitePatternDownloadManagerImpl - Added item with UUID: 90b523c7-e722-4b45-979b-03524372f658 with URL: http://en.wikipedia.org/wiki/RDFS
DEBUG main sk.lieskove.jianghongtiao.multithreaddownloader.site.SitePatternDownloadManagerImpl - Added item with UUID: d681f098-e2a8-46c2-a9d2-d56323c75abd with URL: http://www.agilemodeling.com/essays/introductionToAM.htm
DEBUG main sk.lieskove.jianghongtiao.multithreaddownloader.site.SitePatternDownloadManagerImpl - Added item with UUID: a2d70770-bebb-46ac-b93c-c8cf09b64250 with URL: http://openjena.org/tutorial/RDF_API/index.html#glos-Resource
DEBUG main sk.lieskove.jianghongtiao.multithreaddownloader.site.SitePatternDownloadManagerImpl - Added item with UUID: cab7d545-8090-42c5-9138-9e0f7bcf4b41 with URL: http://xmlns.com/foaf/spec/#term_page
DEBUG main sk.lieskove.jianghongtiao.multithreaddownloader.site.SitePatternDownloadManagerImpl - Added item with UUID: 19930e0d-1792-4d6e-94a2-8faf9a2cd72a with URL: http://orsr.sk/search_subjekt.asp
DEBUG main sk.lieskove.jianghongtiao.multithreaddownloader.site.SitePatternDownloadManagerImpl - Added item with UUID: 2e74330c-4ba4-4e87-9634-b4ed1165b9c0 with URL: http://mariae.ic.cz/
DEBUG main sk.lieskove.jianghongtiao.multithreaddownloader.site.SitePatternDownloadManagerImpl - Added item with UUID: 3ba088e1-9e3b-49ca-a311-2bd1516170b5 with URL: http://sk.wikibooks.org/wiki/Modlitby:_Ru%C5%BEenec#Mari.C3.A1nsky_ru.C5.BEenec
DEBUG Thread-1 sk.lieskove.jianghongtiao.multithreaddownloader.document.RemoteDocumentThread - Running download thread for url: http://download.oracle.com/javase/1.5.0/docs/api/java/util/concurrent/locks/ReentrantLock.html
DEBUG RemoteDocumentThread: http://download.oracle.com/javase/1.5.0/docs/api/java/util/concurrent/locks/ReentrantLock.html sk.lieskove.jianghongtiao.multithreaddownloader.site.SitePatternDownloadManagerImpl - Finished download with URL: http://download.oracle.com/javase/1.5.0/docs/api/java/util/concurrent/locks/ReentrantLock.html
DEBUG RemoteDocumentThread: http://download.oracle.com/javase/1.5.0/docs/api/java/util/concurrent/locks/ReentrantLock.html sk.lieskove.jianghongtiao.multithreaddownloader.site.SitePatternDownloadManagerImpl - Run item with UUID: 3ba088e1-9e3b-49ca-a311-2bd1516170b5 and URL: http://sk.wikibooks.org/wiki/Modlitby:_Ru%C5%BEenec#Mari.C3.A1nsky_ru.C5.BEenec
DEBUG RemoteDocumentThread: http://download.oracle.com/javase/1.5.0/docs/api/java/util/concurrent/locks/ReentrantLock.html sk.lieskove.jianghongtiao.multithreaddownloader.document.RemoteDocumentThread - Finished download thread for url: http://download.oracle.com/javase/1.5.0/docs/api/java/util/concurrent/locks/ReentrantLock.html
DEBUG RemoteDocumentThread: http://oreilly.com/catalog/expjava/excerpt/index.html sk.lieskove.jianghongtiao.multithreaddownloader.site.SitePatternDownloadManagerImpl - Finished download with URL: http://oreilly.com/catalog/expjava/excerpt/index.html
DEBUG Thread-13 sk.lieskove.jianghongtiao.multithreaddownloader.document.RemoteDocumentThread - Running download thread for url: http://sk.wikibooks.org/wiki/Modlitby:_Ru%C5%BEenec#Mari.C3.A1nsky_ru.C5.BEenec
DEBUG main java.lang.Class - Using working directory: /home/xjuraj/Projects/master-thesis/program/multi-thread-downloader
DEBUG main java.lang.Class - loading settings file: 'settings/general-weak-settings.xml'
DEBUG main java.lang.Class - Loading file for class: File for class 'sk.lieskove.jianghongtiao.multithreaddownloader.persistence.Persist.xml' does not exists
DEBUG main sk.lieskove.jianghongtiao.multithreaddownloader.site.SitePatternDownloadManagerImpl - Site Pattern Download Manager created with url: .* with settings: SiteSettings:maxConnections=2, waitMin=5, waitMax=1500, connections=3, inTime=3, waitType=RANDOMproxies: null
DEBUG main sk.lieskove.jianghongtiao.multithreaddownloader.site.SitePatternDownloadManagerImpl - Added item with UUID: db7753e6-e2e3-4919-a428-e1dcd1db31af with URL: http://oreilly.com/catalog/expjava/excerpt/index.html
DEBUG main sk.lieskove.jianghongtiao.multithreaddownloader.site.SitePatternDownloadManagerImpl - Run item with UUID: db7753e6-e2e3-4919-a428-e1dcd1db31af and URL: http://oreilly.com/catalog/expjava/excerpt/index.html
DEBUG main sk.lieskove.jianghongtiao.multithreaddownloader.site.SitePatternDownloadManagerImpl - Added item with UUID: 8e9626ca-959a-43e8-8462-1d465e64b399 with URL: http://download.oracle.com/javase/1.5.0/docs/api/java/util/concurrent/locks/ReentrantLock.html
DEBUG Thread-0 sk.lieskove.jianghongtiao.multithreaddownloader.document.RemoteDocumentThread - Running download thread for url: http://oreilly.com/catalog/expjava/excerpt/index.html
DEBUG main sk.lieskove.jianghongtiao.multithreaddownloader.site.SitePatternDownloadManagerImpl - Run item with UUID: 8e9626ca-959a-43e8-8462-1d465e64b399 and URL: http://download.oracle.com/javase/1.5.0/docs/api/java/util/concurrent/locks/ReentrantLock.html
DEBUG Thread-1 sk.lieskove.jianghongtiao.multithreaddownloader.document.RemoteDocumentThread - Running download thread for url: http://download.oracle.com/javase/1.5.0/docs/api/java/util/concurrent/locks/ReentrantLock.html
DEBUG main sk.lieskove.jianghongtiao.multithreaddownloader.site.SitePatternDownloadManagerImpl - Added item with UUID: fc4bce57-618c-4b89-8b04-603293f6645a with URL: http://jeremymanson.blogspot.com/2007/08/atomicity-visibility-and-ordering.html
DEBUG main sk.lieskove.jianghongtiao.multithreaddownloader.site.SitePatternDownloadManagerImpl - Added item with UUID: 4263ee40-683a-4d58-bd2e-44743b1c5e9f with URL: http://www.fi.muni.cz/~popel/red/
DEBUG main sk.lieskove.jianghongtiao.multithreaddownloader.site.SitePatternDownloadManagerImpl - Added item with UUID: 69d6037f-1fd0-4da8-aec4-dd28b01e5ce3 with URL: http://download.oracle.com/javase/6/docs/technotes/guides/net/proxies.html
DEBUG main sk.lieskove.jianghongtiao.multithreaddownloader.site.SitePatternDownloadManagerImpl - Added item with UUID: 65d2010f-e616-417d-89bd-951ad873119e with URL: http://jena.sourceforge.net/DB/creating-db-models.html
DEBUG main sk.lieskove.jianghongtiao.multithreaddownloader.site.SitePatternDownloadManagerImpl - Added item with UUID: ea77cc03-0217-4e1e-8fd5-9aec6afd106d with URL: http://jena.sourceforge.net/DB/
DEBUG main sk.lieskove.jianghongtiao.multithreaddownloader.site.SitePatternDownloadManagerImpl - Added item with UUID: 9813ac73-cad5-4ecf-85ce-1209134d38f0 with URL: http://en.wikipedia.org/wiki/RDFS
DEBUG main sk.lieskove.jianghongtiao.multithreaddownloader.site.SitePatternDownloadManagerImpl - Added item with UUID: 237d061e-b694-491c-967f-25874fab801c with URL: http://www.agilemodeling.com/essays/introductionToAM.htm
DEBUG main sk.lieskove.jianghongtiao.multithreaddownloader.site.SitePatternDownloadManagerImpl - Added item with UUID: 7f9eec84-2eea-47df-84f7-5aaa08015318 with URL: http://openjena.org/tutorial/RDF_API/index.html#glos-Resource
DEBUG main sk.lieskove.jianghongtiao.multithreaddownloader.site.SitePatternDownloadManagerImpl - Added item with UUID: 655a3024-46dc-4984-973a-61877c1a3024 with URL: http://xmlns.com/foaf/spec/#term_page
DEBUG main sk.lieskove.jianghongtiao.multithreaddownloader.site.SitePatternDownloadManagerImpl - Added item with UUID: 64dd2382-50a3-496b-abf8-1c7d6a53d6e0 with URL: http://orsr.sk/search_subjekt.asp
DEBUG main sk.lieskove.jianghongtiao.multithreaddownloader.site.SitePatternDownloadManagerImpl - Added item with UUID: 9f84deba-f8e2-4d64-b5f4-5d15c5b617c5 with URL: http://mariae.ic.cz/
DEBUG main sk.lieskove.jianghongtiao.multithreaddownloader.site.SitePatternDownloadManagerImpl - Added item with UUID: d024aec4-3783-4603-99d3-dc2de04256dc with URL: http://sk.wikibooks.org/wiki/Modlitby:_Ru%C5%BEenec#Mari.C3.A1nsky_ru.C5.BEenec
DEBUG RemoteDocumentThread: http://download.oracle.com/javase/1.5.0/docs/api/java/util/concurrent/locks/ReentrantLock.html sk.lieskove.jianghongtiao.multithreaddownloader.site.SitePatternDownloadManagerImpl - Finished download with URL: http://download.oracle.com/javase/1.5.0/docs/api/java/util/concurrent/locks/ReentrantLock.html
DEBUG RemoteDocumentThread: http://download.oracle.com/javase/1.5.0/docs/api/java/util/concurrent/locks/ReentrantLock.html sk.lieskove.jianghongtiao.multithreaddownloader.site.SitePatternDownloadManagerImpl - Run item with UUID: d024aec4-3783-4603-99d3-dc2de04256dc and URL: http://sk.wikibooks.org/wiki/Modlitby:_Ru%C5%BEenec#Mari.C3.A1nsky_ru.C5.BEenec
DEBUG RemoteDocumentThread: http://download.oracle.com/javase/1.5.0/docs/api/java/util/concurrent/locks/ReentrantLock.html sk.lieskove.jianghongtiao.multithreaddownloader.document.RemoteDocumentThread - Finished download thread for url: http://download.oracle.com/javase/1.5.0/docs/api/java/util/concurrent/locks/ReentrantLock.html
DEBUG Thread-13 sk.lieskove.jianghongtiao.multithreaddownloader.document.RemoteDocumentThread - Running download thread for url: http://sk.wikibooks.org/wiki/Modlitby:_Ru%C5%BEenec#Mari.C3.A1nsky_ru.C5.BEenec
DEBUG RemoteDocumentThread: http://sk.wikibooks.org/wiki/Modlitby:_Ru%C5%BEenec#Mari.C3.A1nsky_ru.C5.BEenec sk.lieskove.jianghongtiao.multithreaddownloader.site.SitePatternDownloadManagerImpl - Finished download with URL: http://sk.wikibooks.org/wiki/Modlitby:_Ru%C5%BEenec#Mari.C3.A1nsky_ru.C5.BEenec
DEBUG RemoteDocumentThread: http://sk.wikibooks.org/wiki/Modlitby:_Ru%C5%BEenec#Mari.C3.A1nsky_ru.C5.BEenec sk.lieskove.jianghongtiao.multithreaddownloader.document.RemoteDocumentThread - Finished download thread for url: http://sk.wikibooks.org/wiki/Modlitby:_Ru%C5%BEenec#Mari.C3.A1nsky_ru.C5.BEenec
DEBUG RemoteDocumentThread: http://oreilly.com/catalog/expjava/excerpt/index.html sk.lieskove.jianghongtiao.multithreaddownloader.site.SitePatternDownloadManagerImpl - Finished download with URL: http://oreilly.com/catalog/expjava/excerpt/index.html
DEBUG RemoteDocumentThread: http://oreilly.com/catalog/expjava/excerpt/index.html sk.lieskove.jianghongtiao.multithreaddownloader.document.RemoteDocumentThread - Finished download thread for url: http://oreilly.com/catalog/expjava/excerpt/index.html
DEBUG main java.lang.Class - Using working directory: /home/xjuraj/Projects/master-thesis/program/multi-thread-downloader
DEBUG main java.lang.Class - loading settings file: 'settings/general-weak-settings.xml'
DEBUG main java.lang.Class - Loading file for class: File for class 'sk.lieskove.jianghongtiao.multithreaddownloader.persistence.Persist.xml' does not exists
DEBUG main sk.lieskove.jianghongtiao.multithreaddownloader.site.SitePatternDownloadManagerImpl - Site Pattern Download Manager created with url: .* with settings: SiteSettings:maxConnections=2, waitMin=5, waitMax=1500, connections=3, inTime=3, waitType=RANDOMproxies: null
DEBUG main sk.lieskove.jianghongtiao.multithreaddownloader.site.SitePatternDownloadManagerImpl - Added item with UUID: ed62e8f8-0711-411e-9c56-caadc914fd46 with URL: http://oreilly.com/catalog/expjava/excerpt/index.html
DEBUG main sk.lieskove.jianghongtiao.multithreaddownloader.site.SitePatternDownloadManagerImpl - Run item with UUID: ed62e8f8-0711-411e-9c56-caadc914fd46 and URL: http://oreilly.com/catalog/expjava/excerpt/index.html
DEBUG main sk.lieskove.jianghongtiao.multithreaddownloader.site.SitePatternDownloadManagerImpl - Added item with UUID: 390caf50-3321-4801-b7c0-fcd629446f10 with URL: http://download.oracle.com/javase/1.5.0/docs/api/java/util/concurrent/locks/ReentrantLock.html
DEBUG main sk.lieskove.jianghongtiao.multithreaddownloader.site.SitePatternDownloadManagerImpl - Run item with UUID: 390caf50-3321-4801-b7c0-fcd629446f10 and URL: http://download.oracle.com/javase/1.5.0/docs/api/java/util/concurrent/locks/ReentrantLock.html
DEBUG Thread-1 sk.lieskove.jianghongtiao.multithreaddownloader.document.RemoteDocumentThread - Running download thread for url: http://download.oracle.com/javase/1.5.0/docs/api/java/util/concurrent/locks/ReentrantLock.html
DEBUG main sk.lieskove.jianghongtiao.multithreaddownloader.site.SitePatternDownloadManagerImpl - Added item with UUID: 125009c4-3903-4aa1-ba3f-f537d6241d8e with URL: http://jeremymanson.blogspot.com/2007/08/atomicity-visibility-and-ordering.html
DEBUG main sk.lieskove.jianghongtiao.multithreaddownloader.site.SitePatternDownloadManagerImpl - Added item with UUID: 34940c9b-bb13-4d98-b04f-b753b20e7027 with URL: http://www.fi.muni.cz/~popel/red/
DEBUG main sk.lieskove.jianghongtiao.multithreaddownloader.site.SitePatternDownloadManagerImpl - Added item with UUID: 2c92cc4d-7eb3-47e1-9d0f-f08d92000f8b with URL: http://download.oracle.com/javase/6/docs/technotes/guides/net/proxies.html
DEBUG main sk.lieskove.jianghongtiao.multithreaddownloader.site.SitePatternDownloadManagerImpl - Added item with UUID: 1552b6a6-4151-40a5-85da-95f34dccfab3 with URL: http://jena.sourceforge.net/DB/creating-db-models.html
DEBUG main sk.lieskove.jianghongtiao.multithreaddownloader.site.SitePatternDownloadManagerImpl - Added item with UUID: a74f95a1-f498-4e9d-8f11-abd3da1112c3 with URL: http://jena.sourceforge.net/DB/
DEBUG main sk.lieskove.jianghongtiao.multithreaddownloader.site.SitePatternDownloadManagerImpl - Added item with UUID: f51a3431-72ca-4321-8e10-29ffee5dd4cc with URL: http://en.wikipedia.org/wiki/RDFS
DEBUG main sk.lieskove.jianghongtiao.multithreaddownloader.site.SitePatternDownloadManagerImpl - Added item with UUID: 9e788197-211c-4677-82a6-482707484bc9 with URL: http://www.agilemodeling.com/essays/introductionToAM.htm
DEBUG Thread-0 sk.lieskove.jianghongtiao.multithreaddownloader.document.RemoteDocumentThread - Running download thread for url: http://oreilly.com/catalog/expjava/excerpt/index.html
DEBUG main sk.lieskove.jianghongtiao.multithreaddownloader.site.SitePatternDownloadManagerImpl - Added item with UUID: 0a87031f-e209-4879-8268-e623a48beca5 with URL: http://openjena.org/tutorial/RDF_API/index.html#glos-Resource
DEBUG main sk.lieskove.jianghongtiao.multithreaddownloader.site.SitePatternDownloadManagerImpl - Added item with UUID: 6096e0cd-8637-4991-97df-8d11c3a2c221 with URL: http://xmlns.com/foaf/spec/#term_page
DEBUG main sk.lieskove.jianghongtiao.multithreaddownloader.site.SitePatternDownloadManagerImpl - Added item with UUID: cbfd5bf0-77d2-4682-a761-765005c6faa2 with URL: http://orsr.sk/search_subjekt.asp
DEBUG main sk.lieskove.jianghongtiao.multithreaddownloader.site.SitePatternDownloadManagerImpl - Added item with UUID: 345093d9-88d9-48b7-a12c-ce90827aef95 with URL: http://mariae.ic.cz/
DEBUG main sk.lieskove.jianghongtiao.multithreaddownloader.site.SitePatternDownloadManagerImpl - Added item with UUID: 7c5d7e9b-d109-4b09-8c06-fe7a108ebf42 with URL: http://sk.wikibooks.org/wiki/Modlitby:_Ru%C5%BEenec#Mari.C3.A1nsky_ru.C5.BEenec
DEBUG RemoteDocumentThread: http://download.oracle.com/javase/1.5.0/docs/api/java/util/concurrent/locks/ReentrantLock.html sk.lieskove.jianghongtiao.multithreaddownloader.site.SitePatternDownloadManagerImpl - Finished download with URL: http://download.oracle.com/javase/1.5.0/docs/api/java/util/concurrent/locks/ReentrantLock.html
DEBUG RemoteDocumentThread: http://download.oracle.com/javase/1.5.0/docs/api/java/util/concurrent/locks/ReentrantLock.html sk.lieskove.jianghongtiao.multithreaddownloader.site.SitePatternDownloadManagerImpl - Run item with UUID: 7c5d7e9b-d109-4b09-8c06-fe7a108ebf42 and URL: http://sk.wikibooks.org/wiki/Modlitby:_Ru%C5%BEenec#Mari.C3.A1nsky_ru.C5.BEenec
DEBUG RemoteDocumentThread: http://download.oracle.com/javase/1.5.0/docs/api/java/util/concurrent/locks/ReentrantLock.html sk.lieskove.jianghongtiao.multithreaddownloader.document.RemoteDocumentThread - Finished download thread for url: http://download.oracle.com/javase/1.5.0/docs/api/java/util/concurrent/locks/ReentrantLock.html
DEBUG Thread-13 sk.lieskove.jianghongtiao.multithreaddownloader.document.RemoteDocumentThread - Running download thread for url: http://sk.wikibooks.org/wiki/Modlitby:_Ru%C5%BEenec#Mari.C3.A1nsky_ru.C5.BEenec
DEBUG RemoteDocumentThread: http://sk.wikibooks.org/wiki/Modlitby:_Ru%C5%BEenec#Mari.C3.A1nsky_ru.C5.BEenec sk.lieskove.jianghongtiao.multithreaddownloader.site.SitePatternDownloadManagerImpl - Finished download with URL: http://sk.wikibooks.org/wiki/Modlitby:_Ru%C5%BEenec#Mari.C3.A1nsky_ru.C5.BEenec
DEBUG RemoteDocumentThread: http://sk.wikibooks.org/wiki/Modlitby:_Ru%C5%BEenec#Mari.C3.A1nsky_ru.C5.BEenec sk.lieskove.jianghongtiao.multithreaddownloader.document.RemoteDocumentThread - Finished download thread for url: http://sk.wikibooks.org/wiki/Modlitby:_Ru%C5%BEenec#Mari.C3.A1nsky_ru.C5.BEenec
DEBUG RemoteDocumentThread: http://oreilly.com/catalog/expjava/excerpt/index.html sk.lieskove.jianghongtiao.multithreaddownloader.site.SitePatternDownloadManagerImpl - Finished download with URL: http://oreilly.com/catalog/expjava/excerpt/index.html
DEBUG RemoteDocumentThread: http://oreilly.com/catalog/expjava/excerpt/index.html sk.lieskove.jianghongtiao.multithreaddownloader.document.RemoteDocumentThread - Finished download thread for url: http://oreilly.com/catalog/expjava/excerpt/index.html
DEBUG Wait thread. Wait 2121 ms sk.lieskove.jianghongtiao.multithreaddownloader.site.SitePatternDownloadManagerImpl - Run item with UUID: 345093d9-88d9-48b7-a12c-ce90827aef95 and URL: http://mariae.ic.cz/
DEBUG Thread-12 sk.lieskove.jianghongtiao.multithreaddownloader.document.RemoteDocumentThread - Running download thread for url: http://mariae.ic.cz/
DEBUG RemoteDocumentThread: http://mariae.ic.cz/ sk.lieskove.jianghongtiao.multithreaddownloader.site.SitePatternDownloadManagerImpl - Finished download with URL: http://mariae.ic.cz/
DEBUG RemoteDocumentThread: http://mariae.ic.cz/ sk.lieskove.jianghongtiao.multithreaddownloader.site.SitePatternDownloadManagerImpl - Run item with UUID: cbfd5bf0-77d2-4682-a761-765005c6faa2 and URL: http://orsr.sk/search_subjekt.asp
DEBUG RemoteDocumentThread: http://mariae.ic.cz/ sk.lieskove.jianghongtiao.multithreaddownloader.document.RemoteDocumentThread - Finished download thread for url: http://mariae.ic.cz/
DEBUG Thread-11 sk.lieskove.jianghongtiao.multithreaddownloader.document.RemoteDocumentThread - Running download thread for url: http://orsr.sk/search_subjekt.asp
DEBUG RemoteDocumentThread: http://orsr.sk/search_subjekt.asp sk.lieskove.jianghongtiao.multithreaddownloader.site.SitePatternDownloadManagerImpl - Finished download with URL: http://orsr.sk/search_subjekt.asp
DEBUG RemoteDocumentThread: http://orsr.sk/search_subjekt.asp sk.lieskove.jianghongtiao.multithreaddownloader.site.SitePatternDownloadManagerImpl - Run item with UUID: 6096e0cd-8637-4991-97df-8d11c3a2c221 and URL: http://xmlns.com/foaf/spec/#term_page
DEBUG RemoteDocumentThread: http://orsr.sk/search_subjekt.asp sk.lieskove.jianghongtiao.multithreaddownloader.document.RemoteDocumentThread - Finished download thread for url: http://orsr.sk/search_subjekt.asp
DEBUG Thread-10 sk.lieskove.jianghongtiao.multithreaddownloader.document.RemoteDocumentThread - Running download thread for url: http://xmlns.com/foaf/spec/#term_page
DEBUG RemoteDocumentThread: http://xmlns.com/foaf/spec/#term_page sk.lieskove.jianghongtiao.multithreaddownloader.site.SitePatternDownloadManagerImpl - Finished download with URL: http://xmlns.com/foaf/spec/#term_page
DEBUG RemoteDocumentThread: http://xmlns.com/foaf/spec/#term_page sk.lieskove.jianghongtiao.multithreaddownloader.document.RemoteDocumentThread - Finished download thread for url: http://xmlns.com/foaf/spec/#term_page
DEBUG Wait thread. Wait 329 ms sk.lieskove.jianghongtiao.multithreaddownloader.site.SitePatternDownloadManagerImpl - Run item with UUID: 0a87031f-e209-4879-8268-e623a48beca5 and URL: http://openjena.org/tutorial/RDF_API/index.html#glos-Resource
DEBUG Thread-9 sk.lieskove.jianghongtiao.multithreaddownloader.document.RemoteDocumentThread - Running download thread for url: http://openjena.org/tutorial/RDF_API/index.html#glos-Resource
DEBUG RemoteDocumentThread: http://openjena.org/tutorial/RDF_API/index.html#glos-Resource sk.lieskove.jianghongtiao.multithreaddownloader.site.SitePatternDownloadManagerImpl - Finished download with URL: http://openjena.org/tutorial/RDF_API/index.html#glos-Resource
DEBUG Thread-8 sk.lieskove.jianghongtiao.multithreaddownloader.document.RemoteDocumentThread - Running download thread for url: http://www.agilemodeling.com/essays/introductionToAM.htm
DEBUG RemoteDocumentThread: http://openjena.org/tutorial/RDF_API/index.html#glos-Resource sk.lieskove.jianghongtiao.multithreaddownloader.site.SitePatternDownloadManagerImpl - Run item with UUID: 9e788197-211c-4677-82a6-482707484bc9 and URL: http://www.agilemodeling.com/essays/introductionToAM.htm
DEBUG RemoteDocumentThread: http://openjena.org/tutorial/RDF_API/index.html#glos-Resource sk.lieskove.jianghongtiao.multithreaddownloader.document.RemoteDocumentThread - Finished download thread for url: http://openjena.org/tutorial/RDF_API/index.html#glos-Resource
DEBUG RemoteDocumentThread: http://www.agilemodeling.com/essays/introductionToAM.htm sk.lieskove.jianghongtiao.multithreaddownloader.site.SitePatternDownloadManagerImpl - Finished download with URL: http://www.agilemodeling.com/essays/introductionToAM.htm
DEBUG RemoteDocumentThread: http://www.agilemodeling.com/essays/introductionToAM.htm sk.lieskove.jianghongtiao.multithreaddownloader.site.SitePatternDownloadManagerImpl - Run item with UUID: f51a3431-72ca-4321-8e10-29ffee5dd4cc and URL: http://en.wikipedia.org/wiki/RDFS
DEBUG RemoteDocumentThread: http://www.agilemodeling.com/essays/introductionToAM.htm sk.lieskove.jianghongtiao.multithreaddownloader.document.RemoteDocumentThread - Finished download thread for url: http://www.agilemodeling.com/essays/introductionToAM.htm
DEBUG Thread-7 sk.lieskove.jianghongtiao.multithreaddownloader.document.RemoteDocumentThread - Running download thread for url: http://en.wikipedia.org/wiki/RDFS
DEBUG RemoteDocumentThread: http://en.wikipedia.org/wiki/RDFS sk.lieskove.jianghongtiao.multithreaddownloader.site.SitePatternDownloadManagerImpl - Finished download with URL: http://en.wikipedia.org/wiki/RDFS
DEBUG RemoteDocumentThread: http://en.wikipedia.org/wiki/RDFS sk.lieskove.jianghongtiao.multithreaddownloader.document.RemoteDocumentThread - Finished download thread for url: http://en.wikipedia.org/wiki/RDFS
DEBUG Wait thread. Wait 379 ms sk.lieskove.jianghongtiao.multithreaddownloader.site.SitePatternDownloadManagerImpl - Run item with UUID: a74f95a1-f498-4e9d-8f11-abd3da1112c3 and URL: http://jena.sourceforge.net/DB/
DEBUG Thread-6 sk.lieskove.jianghongtiao.multithreaddownloader.document.RemoteDocumentThread - Running download thread for url: http://jena.sourceforge.net/DB/
DEBUG RemoteDocumentThread: http://jena.sourceforge.net/DB/ sk.lieskove.jianghongtiao.multithreaddownloader.site.SitePatternDownloadManagerImpl - Finished download with URL: http://jena.sourceforge.net/DB/
DEBUG RemoteDocumentThread: http://jena.sourceforge.net/DB/ sk.lieskove.jianghongtiao.multithreaddownloader.document.RemoteDocumentThread - Finished download thread for url: http://jena.sourceforge.net/DB/
DEBUG Wait thread. Wait 740 ms sk.lieskove.jianghongtiao.multithreaddownloader.site.SitePatternDownloadManagerImpl - Run item with UUID: 1552b6a6-4151-40a5-85da-95f34dccfab3 and URL: http://jena.sourceforge.net/DB/creating-db-models.html
DEBUG Thread-5 sk.lieskove.jianghongtiao.multithreaddownloader.document.RemoteDocumentThread - Running download thread for url: http://jena.sourceforge.net/DB/creating-db-models.html
DEBUG RemoteDocumentThread: http://jena.sourceforge.net/DB/creating-db-models.html sk.lieskove.jianghongtiao.multithreaddownloader.site.SitePatternDownloadManagerImpl - Finished download with URL: http://jena.sourceforge.net/DB/creating-db-models.html
DEBUG RemoteDocumentThread: http://jena.sourceforge.net/DB/creating-db-models.html sk.lieskove.jianghongtiao.multithreaddownloader.document.RemoteDocumentThread - Finished download thread for url: http://jena.sourceforge.net/DB/creating-db-models.html
DEBUG Wait thread. Wait 583 ms sk.lieskove.jianghongtiao.multithreaddownloader.site.SitePatternDownloadManagerImpl - Run item with UUID: 2c92cc4d-7eb3-47e1-9d0f-f08d92000f8b and URL: http://download.oracle.com/javase/6/docs/technotes/guides/net/proxies.html
DEBUG Thread-4 sk.lieskove.jianghongtiao.multithreaddownloader.document.RemoteDocumentThread - Running download thread for url: http://download.oracle.com/javase/6/docs/technotes/guides/net/proxies.html
DEBUG RemoteDocumentThread: http://download.oracle.com/javase/6/docs/technotes/guides/net/proxies.html sk.lieskove.jianghongtiao.multithreaddownloader.site.SitePatternDownloadManagerImpl - Finished download with URL: http://download.oracle.com/javase/6/docs/technotes/guides/net/proxies.html
DEBUG RemoteDocumentThread: http://download.oracle.com/javase/6/docs/technotes/guides/net/proxies.html sk.lieskove.jianghongtiao.multithreaddownloader.document.RemoteDocumentThread - Finished download thread for url: http://download.oracle.com/javase/6/docs/technotes/guides/net/proxies.html
DEBUG Wait thread. Wait 1009 ms sk.lieskove.jianghongtiao.multithreaddownloader.site.SitePatternDownloadManagerImpl - Run item with UUID: 34940c9b-bb13-4d98-b04f-b753b20e7027 and URL: http://www.fi.muni.cz/~popel/red/
DEBUG Thread-3 sk.lieskove.jianghongtiao.multithreaddownloader.document.RemoteDocumentThread - Running download thread for url: http://www.fi.muni.cz/~popel/red/
DEBUG RemoteDocumentThread: http://www.fi.muni.cz/~popel/red/ sk.lieskove.jianghongtiao.multithreaddownloader.site.SitePatternDownloadManagerImpl - Finished download with URL: http://www.fi.muni.cz/~popel/red/
DEBUG RemoteDocumentThread: http://www.fi.muni.cz/~popel/red/ sk.lieskove.jianghongtiao.multithreaddownloader.document.RemoteDocumentThread - Finished download thread for url: http://www.fi.muni.cz/~popel/red/
